<?xml version="1.0" encoding="UTF-8"?>
<testsuite name="innosabi.qa.automat.UI.CreateInnovationChallenge" tests="1" skipped="0" failures="0" errors="0" timestamp="2021-05-22T21:05:34" hostname="AZAHAR-PC" time="46.415">
  <properties/>
  <testcase name="createInnovationChallenge" classname="innosabi.qa.automat.UI.CreateInnovationChallenge" time="46.415"/>
  <system-out><![CDATA[]]></system-out>
  <system-err><![CDATA[Starting ChromeDriver 90.0.4430.24 (4c6d850f087da467d926e8eddb76550aed655991-refs/branch-heads/4430@{#429}) on port 19381
Only local connections are allowed.
Please see https://chromedriver.chromium.org/security-considerations for suggestions on keeping ChromeDriver safe.
ChromeDriver was started successfully.
May 22, 2021 11:05:38 PM org.openqa.selenium.remote.ProtocolHandshake createSession
INFO: Detected dialect: W3C
]]></system-err>
</testsuite>
